{"name": "Test login passed", "status": "broken", "statusDetails": {"message": "selenium.common.exceptions.NoSuchElementException: Message: no such element: Unable to locate element: {\"method\":\"link text\",\"selector\":\"Wyloguj\"}\n  (Session info: chrome=117.0.5938.63); For documentation on this error, please visit: https://www.selenium.dev/documentation/webdriver/troubleshooting/errors#no-such-element-exception\nStacktrace:\n\tGetHandleVerifier [0x00007FF6CDCB7862+54818]\n\t(No symbol) [0x00007FF6CDC26A92]\n\t(No symbol) [0x00007FF6CDADDA3B]\n\t(No symbol) [0x00007FF6CDB1E4FC]\n\t(No symbol) [0x00007FF6CDB1E67C]\n\t(No symbol) [0x00007FF6CDB59627]\n\t(No symbol) [0x00007FF6CDB3EAEF]\n\t(No symbol) [0x00007FF6CDB575A2]\n\t(No symbol) [0x00007FF6CDB3E883]\n\t(No symbol) [0x00007FF6CDB13691]\n\t(No symbol) [0x00007FF6CDB148D4]\n\tGetHandleVerifier [0x00007FF6CE01B962+3610402]\n\tGetHandleVerifier [0x00007FF6CE071830+3962352]\n\tGetHandleVerifier [0x00007FF6CE069D1F+3930847]\n\tGetHandleVerifier [0x00007FF6CDD53616+693206]\n\t(No symbol) [0x00007FF6CDC315F8]\n\t(No symbol) [0x00007FF6CDC2D904]\n\t(No symbol) [0x00007FF6CDC2DA32]\n\t(No symbol) [0x00007FF6CDC1E0E3]\n\tBaseThreadInitThunk [0x00007FFBEB587344+20]\n\tRtlUserThreadStart [0x00007FFBEB6C26B1+33]", "trace": "self = <page_object_pattern.tests.login_test.TestLogIn object at 0x000001BB9DE9E350>\n\n    @allure.title(\"Test login passed\")\n    @allure.description(\"This is a successful login in test\")\n    def test_log_in_passed(self):\n        login_data_page = LoginDataPage(self.driver)\n        login_data_page.open_page()\n        login_data_page.log_in(\"ppython.ttester@gmail.comm\", \"Pythontester1*\")\n    \n>       assert login_data_page.is_logout_link_displayed()\n\npage_object_pattern\\tests\\login_test.py:16: \n_ _ _ _ _ _ _ _ _ _ _ _ _ _ _ _ _ _ _ _ _ _ _ _ _ _ _ _ _ _ _ _ _ _ _ _ _ _ _ _ _ _ _ _ _ _ _ _ _ _ _ _ _ _ _ _ _ _ _ _ _ _ _ _ _ _ _ _ _ _ _ _ _ _ _ _ _ _ _ _ _ _ _ _ _ _ _ _ _ _ _ _ _ _ _ _ _ _ _ _ _ _ _ _ _ _ _ _ _ _ _ _ _ _ _ _\npage_object_pattern\\pages\\login_data_page.py:40: in is_logout_link_displayed\n    return self.driver.find_element(*self.log_out_msg).is_displayed()\n..\\..\\AppData\\Local\\Programs\\Python\\Python311\\Lib\\site-packages\\selenium\\webdriver\\remote\\webdriver.py:739: in find_element\n    return self.execute(Command.FIND_ELEMENT, {\"using\": by, \"value\": value})[\"value\"]\n..\\..\\AppData\\Local\\Programs\\Python\\Python311\\Lib\\site-packages\\selenium\\webdriver\\remote\\webdriver.py:345: in execute\n    self.error_handler.check_response(response)\n_ _ _ _ _ _ _ _ _ _ _ _ _ _ _ _ _ _ _ _ _ _ _ _ _ _ _ _ _ _ _ _ _ _ _ _ _ _ _ _ _ _ _ _ _ _ _ _ _ _ _ _ _ _ _ _ _ _ _ _ _ _ _ _ _ _ _ _ _ _ _ _ _ _ _ _ _ _ _ _ _ _ _ _ _ _ _ _ _ _ _ _ _ _ _ _ _ _ _ _ _ _ _ _ _ _ _ _ _ _ _ _ _ _ _ _\n\nself = <selenium.webdriver.remote.errorhandler.ErrorHandler object at 0x000001BB9DE9FDD0>\nresponse = {'status': 404, 'value': '{\"value\":{\"error\":\"no such element\",\"message\":\"no such element: Unable to locate element: {\\...07FF6CDC1E0E3]\\\\n\\\\tBaseThreadInitThunk [0x00007FFBEB587344+20]\\\\n\\\\tRtlUserThreadStart [0x00007FFBEB6C26B1+33]\\\\n\"}}'}\n\n    def check_response(self, response: Dict[str, Any]) -> None:\n        \"\"\"Checks that a JSON response from the WebDriver does not have an\n        error.\n    \n        :Args:\n         - response - The JSON response from the WebDriver server as a dictionary\n           object.\n    \n        :Raises: If the response contains an error message.\n        \"\"\"\n        status = response.get(\"status\", None)\n        if not status or status == ErrorCode.SUCCESS:\n            return\n        value = None\n        message = response.get(\"message\", \"\")\n        screen: str = response.get(\"screen\", \"\")\n        stacktrace = None\n        if isinstance(status, int):\n            value_json = response.get(\"value\", None)\n            if value_json and isinstance(value_json, str):\n                import json\n    \n                try:\n                    value = json.loads(value_json)\n                    if len(value) == 1:\n                        value = value[\"value\"]\n                    status = value.get(\"error\", None)\n                    if not status:\n                        status = value.get(\"status\", ErrorCode.UNKNOWN_ERROR)\n                        message = value.get(\"value\") or value.get(\"message\")\n                        if not isinstance(message, str):\n                            value = message\n                            message = message.get(\"message\")\n                    else:\n                        message = value.get(\"message\", None)\n                except ValueError:\n                    pass\n    \n        exception_class: Type[WebDriverException]\n        e = ErrorCode()\n        error_codes = [item for item in dir(e) if not item.startswith(\"__\")]\n        for error_code in error_codes:\n            error_info = getattr(ErrorCode, error_code)\n            if isinstance(error_info, list) and status in error_info:\n                exception_class = getattr(ExceptionMapping, error_code, WebDriverException)\n                break\n        else:\n            exception_class = WebDriverException\n    \n        if not value:\n            value = response[\"value\"]\n        if isinstance(value, str):\n            raise exception_class(value)\n        if message == \"\" and \"message\" in value:\n            message = value[\"message\"]\n    \n        screen = None  # type: ignore[assignment]\n        if \"screen\" in value:\n            screen = value[\"screen\"]\n    \n        stacktrace = None\n        st_value = value.get(\"stackTrace\") or value.get(\"stacktrace\")\n        if st_value:\n            if isinstance(st_value, str):\n                stacktrace = st_value.split(\"\\n\")\n            else:\n                stacktrace = []\n                try:\n                    for frame in st_value:\n                        line = frame.get(\"lineNumber\", \"\")\n                        file = frame.get(\"fileName\", \"<anonymous>\")\n                        if line:\n                            file = f\"{file}:{line}\"\n                        meth = frame.get(\"methodName\", \"<anonymous>\")\n                        if \"className\" in frame:\n                            meth = f\"{frame['className']}.{meth}\"\n                        msg = \"    at %s (%s)\"\n                        msg = msg % (meth, file)\n                        stacktrace.append(msg)\n                except TypeError:\n                    pass\n        if exception_class == UnexpectedAlertPresentException:\n            alert_text = None\n            if \"data\" in value:\n                alert_text = value[\"data\"].get(\"text\")\n            elif \"alert\" in value:\n                alert_text = value[\"alert\"].get(\"text\")\n            raise exception_class(message, screen, stacktrace, alert_text)  # type: ignore[call-arg]  # mypy is not smart enough here\n>       raise exception_class(message, screen, stacktrace)\nE       selenium.common.exceptions.NoSuchElementException: Message: no such element: Unable to locate element: {\"method\":\"link text\",\"selector\":\"Wyloguj\"}\nE         (Session info: chrome=117.0.5938.63); For documentation on this error, please visit: https://www.selenium.dev/documentation/webdriver/troubleshooting/errors#no-such-element-exception\nE       Stacktrace:\nE       \tGetHandleVerifier [0x00007FF6CDCB7862+54818]\nE       \t(No symbol) [0x00007FF6CDC26A92]\nE       \t(No symbol) [0x00007FF6CDADDA3B]\nE       \t(No symbol) [0x00007FF6CDB1E4FC]\nE       \t(No symbol) [0x00007FF6CDB1E67C]\nE       \t(No symbol) [0x00007FF6CDB59627]\nE       \t(No symbol) [0x00007FF6CDB3EAEF]\nE       \t(No symbol) [0x00007FF6CDB575A2]\nE       \t(No symbol) [0x00007FF6CDB3E883]\nE       \t(No symbol) [0x00007FF6CDB13691]\nE       \t(No symbol) [0x00007FF6CDB148D4]\nE       \tGetHandleVerifier [0x00007FF6CE01B962+3610402]\nE       \tGetHandleVerifier [0x00007FF6CE071830+3962352]\nE       \tGetHandleVerifier [0x00007FF6CE069D1F+3930847]\nE       \tGetHandleVerifier [0x00007FF6CDD53616+693206]\nE       \t(No symbol) [0x00007FF6CDC315F8]\nE       \t(No symbol) [0x00007FF6CDC2D904]\nE       \t(No symbol) [0x00007FF6CDC2DA32]\nE       \t(No symbol) [0x00007FF6CDC1E0E3]\nE       \tBaseThreadInitThunk [0x00007FFBEB587344+20]\nE       \tRtlUserThreadStart [0x00007FFBEB6C26B1+33]\n\n..\\..\\AppData\\Local\\Programs\\Python\\Python311\\Lib\\site-packages\\selenium\\webdriver\\remote\\errorhandler.py:229: NoSuchElementException"}, "description": "This is a successful login in test", "steps": [{"name": "Opening page", "status": "passed", "attachments": [{"name": "Opening page", "source": "23d7b780-2384-4417-85a9-4f145945eadd-attachment.png", "type": "image/png"}], "start": 1694947614422, "stop": 1694947630904}, {"name": "Setting username: ''ppython.ttester@gmail.comm'' and password: ''Pythontester1*''", "status": "passed", "attachments": [{"name": "Log in page", "source": "04bcd14a-62eb-4bfe-8cae-33fc607610e0-attachment.png", "type": "image/png"}], "parameters": [{"name": "username", "value": "'ppython.ttester@gmail.comm'"}, {"name": "password", "value": "'Pythontester1*'"}], "start": 1694947630904, "stop": 1694947638663}, {"name": "Displaying log out link", "status": "broken", "statusDetails": {"message": "selenium.common.exceptions.NoSuchElementException: Message: no such element: Unable to locate element: {\"method\":\"link text\",\"selector\":\"Wyloguj\"}\n  (Session info: chrome=117.0.5938.63); For documentation on this error, please visit: https://www.selenium.dev/documentation/webdriver/troubleshooting/errors#no-such-element-exception\nStacktrace:\n\tGetHandleVerifier [0x00007FF6CDCB7862+54818]\n\t(No symbol) [0x00007FF6CDC26A92]\n\t(No symbol) [0x00007FF6CDADDA3B]\n\t(No symbol) [0x00007FF6CDB1E4FC]\n\t(No symbol) [0x00007FF6CDB1E67C]\n\t(No symbol) [0x00007FF6CDB59627]\n\t(No symbol) [0x00007FF6CDB3EAEF]\n\t(No symbol) [0x00007FF6CDB575A2]\n\t(No symbol) [0x00007FF6CDB3E883]\n\t(No symbol) [0x00007FF6CDB13691]\n\t(No symbol) [0x00007FF6CDB148D4]\n\tGetHandleVerifier [0x00007FF6CE01B962+3610402]\n\tGetHandleVerifier [0x00007FF6CE071830+3962352]\n\tGetHandleVerifier [0x00007FF6CE069D1F+3930847]\n\tGetHandleVerifier [0x00007FF6CDD53616+693206]\n\t(No symbol) [0x00007FF6CDC315F8]\n\t(No symbol) [0x00007FF6CDC2D904]\n\t(No symbol) [0x00007FF6CDC2DA32]\n\t(No symbol) [0x00007FF6CDC1E0E3]\n\tBaseThreadInitThunk [0x00007FFBEB587344+20]\n\tRtlUserThreadStart [0x00007FFBEB6C26B1+33]\n\n", "trace": "  File \"C:\\Users\\piotr\\AppData\\Local\\Programs\\Python\\Python311\\Lib\\site-packages\\allure_commons\\_allure.py\", line 192, in impl\n    return func(*a, **kw)\n           ^^^^^^^^^^^^^^\n  File \"C:\\Users\\piotr\\PycharmProjects\\selenium_project_14.09.2023\\page_object_pattern\\pages\\login_data_page.py\", line 40, in is_logout_link_displayed\n    return self.driver.find_element(*self.log_out_msg).is_displayed()\n           ^^^^^^^^^^^^^^^^^^^^^^^^^^^^^^^^^^^^^^^^^^^\n  File \"C:\\Users\\piotr\\AppData\\Local\\Programs\\Python\\Python311\\Lib\\site-packages\\selenium\\webdriver\\remote\\webdriver.py\", line 739, in find_element\n    return self.execute(Command.FIND_ELEMENT, {\"using\": by, \"value\": value})[\"value\"]\n           ^^^^^^^^^^^^^^^^^^^^^^^^^^^^^^^^^^^^^^^^^^^^^^^^^^^^^^^^^^^^^^^^^\n  File \"C:\\Users\\piotr\\AppData\\Local\\Programs\\Python\\Python311\\Lib\\site-packages\\selenium\\webdriver\\remote\\webdriver.py\", line 345, in execute\n    self.error_handler.check_response(response)\n  File \"C:\\Users\\piotr\\AppData\\Local\\Programs\\Python\\Python311\\Lib\\site-packages\\selenium\\webdriver\\remote\\errorhandler.py\", line 229, in check_response\n    raise exception_class(message, screen, stacktrace)\n"}, "attachments": [{"name": "Displaying logout link", "source": "6b20bdf4-e0df-42db-8b08-c5ece3ba47d4-attachment.png", "type": "image/png"}], "start": 1694947638663, "stop": 1694947649026}], "attachments": [{"name": "log", "source": "bcf146cb-ad2b-4d92-8ab2-dbf994e831f7-attachment.txt", "type": "text/plain"}, {"name": "stdout", "source": "56223767-3526-4e12-b2a1-3bfcb830f60d-attachment.txt", "type": "text/plain"}], "start": 1694947614422, "stop": 1694947649026, "uuid": "5e7c5c94-f6b5-481c-a5fb-9ec3e82a3c30", "historyId": "efc2a8616e9e864804dd424756494928", "testCaseId": "c473b8e912775e2281aa8d2710baac28", "fullName": "page_object_pattern.tests.login_test.TestLogIn#test_log_in_passed", "labels": [{"name": "tag", "value": "@pytest.mark.usefixtures('setup')"}, {"name": "parentSuite", "value": "page_object_pattern.tests"}, {"name": "suite", "value": "login_test"}, {"name": "subSuite", "value": "TestLogIn"}, {"name": "host", "value": "Piotr"}, {"name": "thread", "value": "18208-MainThread"}, {"name": "framework", "value": "pytest"}, {"name": "language", "value": "cpython3"}, {"name": "package", "value": "page_object_pattern.tests.login_test"}]}